<?xml version="1.0" encoding="UTF-8"?>
<!-- Generated by org.testng.reporters.JUnitXMLReporter -->
<testsuite ignored="0" hostname="HomeyhutsSDET" failures="0" tests="14" name="Surefire test" time="374.811" errors="0" timestamp="2026-05-20T14:22:18 IST">
  <testcase classname="com.homeyhutz.playwright.tests.TC09_BookingFlowTest" name="authenticatedUserReachesCheckout" time="8.886"/>
  <testcase classname="com.homeyhutz.playwright.tests.TC09_BookingFlowTest" name="checkoutPageShowsPriceBreakdown" time="6.782"/>
  <testcase classname="com.homeyhutz.playwright.tests.TC09_BookingFlowTest" name="dateSelectionWorks" time="80.369"/>
  <testcase classname="com.homeyhutz.playwright.tests.TC09_BookingFlowTest" name="guestCountWorks" time="92.912"/>
  <testcase classname="com.homeyhutz.playwright.tests.TC09_BookingFlowTest" name="invalidDateRangeRejected" time="4.087"/>
  <testcase classname="com.homeyhutz.playwright.tests.TC09_BookingFlowTest" name="pastDateCannotBeSelected" time="32.681"/>
  <testcase classname="com.homeyhutz.playwright.tests.TC09_BookingFlowTest" name="priceDisplayedWithGst" time="8.417"/>
  <testcase classname="com.homeyhutz.playwright.tests.TC09_BookingFlowTest" name="propertyPageLoadsDirect" time="10.728"/>
  <testcase classname="com.homeyhutz.playwright.tests.TC09_BookingFlowTest" name="propertyPageLoadsViaSearch" time="13.597"/>
  <testcase classname="com.homeyhutz.playwright.tests.TC09_BookingFlowTest" name="reserveWithoutDatesShowsValidation" time="5.52"/>
  <testcase classname="com.homeyhutz.playwright.tests.TC09_BookingFlowTest" name="reserveWithoutLoginRedirectsAndReturnsToCheckout" time="9.795"/>
  <testcase classname="com.homeyhutz.playwright.tests.TC09_BookingFlowTest" name="unauthenticatedBookingRedirectsToAuth" time="5.861"/>
  <testcase classname="com.homeyhutz.playwright.tests.TC09_BookingFlowTest" name="fullE2eReserveLoginAndCheckout" time="17.83"/>
  <testcase classname="com.homeyhutz.playwright.tests.TC09_BookingFlowTest" name="fullBookingWithNetbanking" time="53.53"/>
</testsuite> <!-- Surefire test -->
