<?xml version="1.0" encoding="UTF-8"?>
<testsuite xmlns:xsi="http://www.w3.org/2001/XMLSchema-instance" xsi:noNamespaceSchemaLocation="https://maven.apache.org/surefire/maven-surefire-plugin/xsd/surefire-test-report.xsd" version="3.0.2" name="TestSuite" time="158.578" tests="7" errors="0" skipped="0" failures="0" flakes="0">
  <properties>
[...]
</properties>
  <testcase name="hostCalendarShowsBlockedDate" classname="com.homeyhutz.tests.BlockDateTest" time="21.186">
    <system-out><![CDATA[...
... TestNG 7.11.0 by Cédric Beust (cedric@beust.com)
...

[BlockDateTest] SETUP: initialising shared session
Phone entered via sendKeys: 9422121212
[JS CLICK] Direct click on Continue button executed.
Waiting for OTP page...
✓ OTP page loaded - OTP input field found
Entering OTP: 123456
✓ OTP entered successfully: 123456
Clicking Submit button...
✓ Submit button clicked
[BlockDateTest] SETUP: blocked date = 2026-11-27
[BlockDateTest] TC1: host calendar shows 2026-11-27
[BlockDateTest] TC1 PASS
]]></system-out>
    <system-err><![CDATA[[main] INFO io.github.bonigarcia.wdm.WebDriverManager - Using chromedriver 148.0.7778.167 (resolved driver for Chrome 148)
[main] INFO io.github.bonigarcia.wdm.WebDriverManager - Exporting webdriver.chrome.driver as C:\Users\gaytri\.cache\selenium\chromedriver\win64\148.0.7778.167\chromedriver.exe
May 20, 2026 2:22:24 PM org.openqa.selenium.devtools.CdpVersionFinder findNearestMatch
WARNING: Unable to find CDP implementation matching 148
May 20, 2026 2:22:24 PM org.openqa.selenium.chromium.ChromiumDriver lambda$new$4
WARNING: Unable to find version of CDP to use for 148.0.7778.168. You may need to include a dependency on a specific version of the CDP using something similar to `org.seleniumhq.selenium:selenium-devtools-v86:4.33.0` where the version ("v86") matches the version of the chromium-based browser you're using and the version number of the artifact is the same as Selenium's.
]]></system-err>
  </testcase>
  <testcase name="verifyBlockedDateInUnifiedCalendar" classname="com.homeyhutz.tests.BlockDateTest" time="13.366">
    <system-out><![CDATA[[BlockDateTest] TC2: unified calendar shows 27 Nov 26
Unified calendar: navigated to 27 Nov 26 via date picker input
[BlockDateTest] TC2: test House row Y=515 h=53
[BlockDateTest] TC2: 110 total cells in test House Y-band
[BlockDateTest] TC2: 36 visible date cells in test House row
[BlockDateTest] TC2 PASS
]]></system-out>
  </testcase>
  <testcase name="verifyBlockedDateInManualBookingCalendar" classname="com.homeyhutz.tests.BlockDateTest" time="27.02">
    <system-out><![CDATA[[BlockDateTest] TC3: offline booking rejected for 27 Nov 2026
[BlockDateTest] TC3: clicking 'Offline Booking' <button>
[BlockDateTest] TC3 PASS
]]></system-out>
  </testcase>
  <testcase name="verifyBlockedDateInChannelManagerCalendar" classname="com.homeyhutz.tests.BlockDateTest" time="9.489">
    <system-out><![CDATA[[BlockDateTest] TC4: channel manager inventory = 0 for 27 Nov 26
[BlockDateTest] TC4 PASS
]]></system-out>
  </testcase>
  <testcase name="verifyDateBlockedInPropertyCalendarAdminPanel" classname="com.homeyhutz.tests.BlockDateTest" time="9.72">
    <system-out><![CDATA[[BlockDateTest] TC5: admin calendar shows 2026-11-27 as blocked
[BlockDateTest] TC5 PASS
]]></system-out>
  </testcase>
  <testcase name="verifyDateBlockedInInventoryRatesAdminPanel" classname="com.homeyhutz.tests.BlockDateTest" time="13.047">
    <system-out><![CDATA[[BlockDateTest] TC6: admin inventory = 0 for 27 Nov 26
[BlockDateTest] TC6 PASS
]]></system-out>
  </testcase>
  <testcase name="verifyBlockedDateInDirectBookingCalendar" classname="com.homeyhutz.tests.BlockDateTest" time="16.846">
    <system-out><![CDATA[[BlockDateTest] TC7: admin direct booking shows 27 Nov 2026 as disabled
[BlockDateTest] TC7 PASS
]]></system-out>
  </testcase>
</testsuite>