<?xml version="1.0" encoding="UTF-8"?>
<testsuite xmlns:xsi="http://www.w3.org/2001/XMLSchema-instance" xsi:noNamespaceSchemaLocation="https://maven.apache.org/surefire/maven-surefire-plugin/xsd/surefire-test-report-3.0.xsd" version="3.0" name="com.homeyhutz.tests.BookingFlowTest" time="161.682" tests="1" errors="0" skipped="0" failures="0">
  <properties>
[...]
</properties>
  <testcase name="verifyBookingFlowTillHostAccept" classname="com.homeyhutz.tests.BookingFlowTest" time="158.482">
    <system-out><![CDATA[ACTION: Test start: verifyBookingFlowTillHostAccept
ACTION: Loaded guest and host credentials from config/env with defaults
ACTION: Opening web app URL: https://uat.homeyhutz.com/
ACTION: Initializing page objects
ACTION: Guest login: opening login popup
ACTION: Guest login: waiting for login page
ACTION: Guest login: entering phone number
ACTION: Guest login: clicking Continue
ACTION: Guest login: waiting for OTP page
Waiting for OTP page...
✓ OTP page loaded - OTP input field found
ACTION: Guest login: entering OTP
Entering OTP: 123456
✓ OTP entered successfully: 123456
ACTION: Guest login: submitting OTP
Clicking Submit button...
✓ Submit button clicked
ACTION: Guest login completed
ACTION: Guest flow: trying property URL https://uat.homeyhutz.com/rooms/1685?&checkIn=2026-03-06&checkOut=2026-03-07&adults=1&children=0&infants=0&pets=0
ACTION: Guest flow: trying property URL https://uat.homeyhutz.com/rooms/1685?&checkIn=2026-03-07&checkOut=2026-03-08&adults=1&children=0&infants=0&pets=0
ACTION: Guest flow: trying property URL https://uat.homeyhutz.com/rooms/1685?&checkIn=2026-03-08&checkOut=2026-03-09&adults=1&children=0&infants=0&pets=0
ACTION: Guest flow: trying property URL https://uat.homeyhutz.com/rooms/1685?&checkIn=2026-03-09&checkOut=2026-03-10&adults=1&children=0&infants=0&pets=0
ACTION: Guest flow: clicked Complete Booking CTA
ACTION: Guest flow: filling email if needed
INFO: Email field not present on booking page, continuing.
ACTION: Guest flow: clicking Confirm and Pay
ACTION: Guest flow: completing payment process
INFO: Card fields not visible; falling back to netbanking option.
INFO: Netbanking selected via exact JS selector.
INFO: Hard force-clicked Success button (top-level).
ACTION: Guest flow: waiting for booking completion page markers
ACTION: Guest flow: extracting booking ID from current confirmation URL
ACTION: Captured booking ID: 4325
ACTION: Guest flow: opening booking request detail by booking ID
ACTION: Switching account: clearing cookies and local/session storage
ACTION: Opening host login URL: https://uat.homeyhutz.com/
ACTION: Host login: opening login popup
ACTION: Host login: waiting for login page
ACTION: Host login: entering phone number
ACTION: Host login: clicking Continue
ACTION: Host login: waiting for OTP page
Waiting for OTP page...
✓ OTP page loaded - OTP input field found
ACTION: Host login: entering OTP
Entering OTP: 123456
✓ OTP entered successfully: 123456
ACTION: Host login: submitting OTP
Clicking Submit button...
✓ Submit button clicked
ACTION: Host login: waiting until auth screen exits
ACTION: Host login completed
ACTION: Host flow: opening reservation section via menu -> Host Control Center -> Reservations
ACTION: HostReservationPage.openReservationSection - start navigation menu -> Host Control Center -> Reservations
ACTION: HostReservationPage.openReservationSection - checking and dismissing interruption popup if present
ACTION: HostReservationPage.openReservationSection - clicking account menu icon
ACTION: HostReservationPage.openReservationSection - menu opened
ACTION: HostReservationPage.openReservationSection - clicking exact Host Control Center item
ACTION: HostReservationPage.openReservationSection - Host Control Center clicked
ACTION: HostReservationPage.openReservationSection - switched to host-related window/tab: https://uat.host.homeyhutz.com/
ACTION: HostReservationPage.openReservationSection - clicking Reservations tab exact locator
ACTION: HostReservationPage.openReservationSection - Reservations opened successfully
ACTION: Host flow: validating Reservations page state
ACTION: HostReservationPage.isOnReservationsPage - verifying reservations page markers
ACTION: HostReservationPage.isOnReservationsPage - result=true, currentUrl=https://uat.host.homeyhutz.com/reservations
ACTION: Host flow completed: Reservations page opened
ACTION: Host flow: clicking Booking Requests tab
ACTION: HostReservationPage.clickBookingRequestsCard - attempting to open Booking Requests card
ACTION: HostReservationPage.clickBookingRequestsCard - Booking Requests card click succeeded
ACTION: Host flow: validating Booking Requests tab/page state
ACTION: Host flow completed: Booking Requests tab opened
ACTION: Host flow: clicking search bar and entering full captured booking ID: 4325
ACTION: HostReservationPage.openBookingRequestsAndSearch - bookingId=4325
ACTION: HostReservationPage.clickBookingRequestsCard - attempting to open Booking Requests card
ACTION: HostReservationPage.clickBookingRequestsCard - Booking Requests card click succeeded
ACTION: HostReservationPage.searchBookingRequestId - start bookingId=4325
ACTION: HostReservationPage.openBookingRequestsSectionBeforeSearch - attempt 1
ACTION: HostReservationPage.openBookingRequestsOrPendingTabIfPresent - checking Booking Requests/Pending tab
ACTION: HostReservationPage.openBookingRequestsOrPendingTabIfPresent - clicked exact Booking Requests sidebar card
ACTION: HostReservationPage.openBookingRequestsSectionBeforeSearch - booking search input ready on attempt 1
ACTION: HostReservationPage.searchBookingRequestId - Booking Requests tab/input ready
INFO: Booking ID search expected value: 4325
INFO: Booking ID typed successfully on attempt 1. Actual value: 4325
ACTION: HostReservationPage.triggerBookingSearchSubmit - submitting with ENTER key
ACTION: HostReservationPage.searchBookingRequestId - search submitted for value=4325
ACTION: HostReservationPage.searchBookingRequestId - completed bookingId search cycle
ACTION: HostReservationPage.openBookingRequestsAndSearch - completed search for bookingId=4325
ACTION: Host flow completed: booking ID entered in Booking Requests search
ACTION: Host flow: clicking searched booking ID: 4325
ACTION: HostReservationPage.clickSearchedBookingId - attempting to click searched booking request row for booking ID=4325
ACTION: HostReservationPage.clickSearchedBookingId - clicked searched booking request row for booking ID=4325
ACTION: Host flow completed: searched booking ID clicked
ACTION: Host flow: accepting booking request for booking ID: 4325
ACTION: HostReservationPage.clickAcceptOnCurrentBooking - attempting accept on current booking view
ACTION: HostReservationPage.clickAcceptOnCurrentBooking - accept clicked
ACTION: HostReservationPage.clickAcceptOnCurrentBooking - confirm clicked
ACTION: Host flow: clicking All tab in Reservations sidebar
ACTION: HostReservationPage.clickAllTab - attempting to open All tab
ACTION: HostReservationPage.clickAllTab - All tab clicked
ACTION: Host flow completed: All tab clicked
ACTION: Host flow: waiting 5 seconds after accept click
ACTION: Host flow: searching same booking ID in Reservations All view: 4325
ACTION: HostReservationPage.searchBookingIdInCurrentReservationsView - searching bookingId=4325
ACTION: HostReservationPage.triggerBookingSearchSubmit - submitting with ENTER key
ACTION: HostReservationPage.searchBookingIdInCurrentReservationsView - search submitted for bookingId=4325
ACTION: Host flow completed: searched same booking ID in Reservations All view
ACTION: Closing driver at test end
ACTION: Test end: verifyBookingFlowTillHostAccept
]]></system-out>
    <system-err><![CDATA[[main] INFO io.github.bonigarcia.wdm.WebDriverManager - Using chromedriver 145.0.7632.117 (resolved driver for Chrome 145)
[main] INFO io.github.bonigarcia.wdm.WebDriverManager - Exporting webdriver.chrome.driver as C:\Users\gaytri\.cache\selenium\chromedriver\win64\145.0.7632.117\chromedriver.exe
Mar 05, 2026 7:12:47 PM org.openqa.selenium.devtools.CdpVersionFinder findNearestMatch
WARNING: Unable to find CDP implementation matching 145
Mar 05, 2026 7:12:47 PM org.openqa.selenium.chromium.ChromiumDriver lambda$new$4
WARNING: Unable to find version of CDP to use for 145.0.7632.117. You may need to include a dependency on a specific version of the CDP using something similar to `org.seleniumhq.selenium:selenium-devtools-v86:4.28.0` where the version ("v86") matches the version of the chromium-based browser you're using and the version number of the artifact is the same as Selenium's.
]]></system-err>
  </testcase>
</testsuite>