<?xml version="1.0" encoding="UTF-8"?>
<!-- Generated by org.testng.reporters.JUnitReportReporter -->
<testsuite hostname="HomeyhutsSDET" failures="0" tests="7" name="com.homeyhutz.tests.BlockDateTest" time="110.683" errors="0" timestamp="2026-05-20T14:24:59 IST" skipped="0">
  <testcase classname="com.homeyhutz.tests.BlockDateTest" name="hostCalendarShowsBlockedDate" time="21.190"/>
  <testcase classname="com.homeyhutz.tests.BlockDateTest" name="verifyBlockedDateInUnifiedCalendar" time="13.368"/>
  <testcase classname="com.homeyhutz.tests.BlockDateTest" name="verifyBlockedDateInManualBookingCalendar" time="27.021"/>
  <testcase classname="com.homeyhutz.tests.BlockDateTest" name="verifyBlockedDateInChannelManagerCalendar" time="9.489"/>
  <testcase classname="com.homeyhutz.tests.BlockDateTest" name="verifyDateBlockedInPropertyCalendarAdminPanel" time="9.721"/>
  <testcase classname="com.homeyhutz.tests.BlockDateTest" name="verifyDateBlockedInInventoryRatesAdminPanel" time="13.048"/>
  <testcase classname="com.homeyhutz.tests.BlockDateTest" name="verifyBlockedDateInDirectBookingCalendar" time="16.846"/>
</testsuite> <!-- com.homeyhutz.tests.BlockDateTest -->
