<?xml version="1.0" encoding="UTF-8"?>
<!-- Generated by org.testng.reporters.JUnitReportReporter -->
<testsuite hostname="HomeyhutsSDET" failures="0" tests="14" name="com.homeyhutz.playwright.tests.TC09_BookingFlowTest" time="374.746" errors="0" timestamp="2026-05-20T14:22:18 IST" skipped="0">
  <testcase classname="com.homeyhutz.playwright.tests.TC09_BookingFlowTest" name="priceDisplayedWithGst" time="9.732"/>
  <testcase classname="com.homeyhutz.playwright.tests.TC09_BookingFlowTest" name="reserveWithoutLoginRedirectsAndReturnsToCheckout" time="11.202"/>
  <testcase classname="com.homeyhutz.playwright.tests.TC09_BookingFlowTest" name="authenticatedUserReachesCheckout" time="10.077"/>
  <testcase classname="com.homeyhutz.playwright.tests.TC09_BookingFlowTest" name="pastDateCannotBeSelected" time="34.609"/>
  <testcase classname="com.homeyhutz.playwright.tests.TC09_BookingFlowTest" name="checkoutPageShowsPriceBreakdown" time="8.023"/>
  <testcase classname="com.homeyhutz.playwright.tests.TC09_BookingFlowTest" name="unauthenticatedBookingRedirectsToAuth" time="7.116"/>
  <testcase classname="com.homeyhutz.playwright.tests.TC09_BookingFlowTest" name="dateSelectionWorks" time="81.725"/>
  <testcase classname="com.homeyhutz.playwright.tests.TC09_BookingFlowTest" name="propertyPageLoadsDirect" time="12.041"/>
  <testcase classname="com.homeyhutz.playwright.tests.TC09_BookingFlowTest" name="invalidDateRangeRejected" time="10.525"/>
  <testcase classname="com.homeyhutz.playwright.tests.TC09_BookingFlowTest" name="guestCountWorks" time="94.408"/>
  <testcase classname="com.homeyhutz.playwright.tests.TC09_BookingFlowTest" name="propertyPageLoadsViaSearch" time="14.875"/>
  <testcase classname="com.homeyhutz.playwright.tests.TC09_BookingFlowTest" name="reserveWithoutDatesShowsValidation" time="6.713"/>
  <testcase classname="com.homeyhutz.playwright.tests.TC09_BookingFlowTest" name="fullE2eReserveLoginAndCheckout" time="19.021"/>
  <testcase classname="com.homeyhutz.playwright.tests.TC09_BookingFlowTest" name="fullBookingWithNetbanking" time="54.679"/>
</testsuite> <!-- com.homeyhutz.playwright.tests.TC09_BookingFlowTest -->
