<?xml version="1.0" encoding="UTF-8"?>
<!-- Generated by org.testng.reporters.JUnitXMLReporter -->
<testsuite ignored="0" hostname="HomeyhutsSDET" failures="0" tests="7" name="Block Date - Full Flow" time="158.004" errors="0" timestamp="2026-05-20T14:24:59 IST">
  <testcase classname="com.homeyhutz.tests.BlockDateTest" name="hostCalendarShowsBlockedDate" time="21.188"/>
  <testcase classname="com.homeyhutz.tests.BlockDateTest" name="verifyBlockedDateInUnifiedCalendar" time="13.366"/>
  <testcase classname="com.homeyhutz.tests.BlockDateTest" name="verifyBlockedDateInManualBookingCalendar" time="27.02"/>
  <testcase classname="com.homeyhutz.tests.BlockDateTest" name="verifyBlockedDateInChannelManagerCalendar" time="9.488"/>
  <testcase classname="com.homeyhutz.tests.BlockDateTest" name="verifyDateBlockedInPropertyCalendarAdminPanel" time="9.721"/>
  <testcase classname="com.homeyhutz.tests.BlockDateTest" name="verifyDateBlockedInInventoryRatesAdminPanel" time="13.047"/>
  <testcase classname="com.homeyhutz.tests.BlockDateTest" name="verifyBlockedDateInDirectBookingCalendar" time="16.845"/>
</testsuite> <!-- Block Date - Full Flow -->
